<?xml version="1.0" encoding="UTF-8"?>
<testsuite xmlns:xsi="http://www.w3.org/2001/XMLSchema-instance" xsi:noNamespaceSchemaLocation="https://maven.apache.org/surefire/maven-failsafe-plugin/xsd/failsafe-test-report-3.0.xsd" version="3.0" name="api.v1.integration.GetUserIT" time="0.904" tests="2" errors="0" skipped="0" failures="0">
  <properties>
    <property name="java.specification.version" value="17"/>
    <property name="sun.jnu.encoding" value="UTF-8"/>
    <property name="java.class.path" value="/Users/freddymay/java/Javalin/Javalin/target/test-classes:/Users/freddymay/java/Javalin/Javalin/target/Javalin-1.0-SNAPSHOT.jar:/Users/freddymay/.m2/repository/com/google/inject/guice/5.1.0/guice-5.1.0.jar:/Users/freddymay/.m2/repository/javax/inject/javax.inject/1/javax.inject-1.jar:/Users/freddymay/.m2/repository/aopalliance/aopalliance/1.0/aopalliance-1.0.jar:/Users/freddymay/.m2/repository/com/google/guava/guava/30.1-jre/guava-30.1-jre.jar:/Users/freddymay/.m2/repository/com/google/guava/failureaccess/1.0.1/failureaccess-1.0.1.jar:/Users/freddymay/.m2/repository/com/google/guava/listenablefuture/9999.0-empty-to-avoid-conflict-with-guava/listenablefuture-9999.0-empty-to-avoid-conflict-with-guava.jar:/Users/freddymay/.m2/repository/com/google/code/findbugs/jsr305/3.0.2/jsr305-3.0.2.jar:/Users/freddymay/.m2/repository/org/checkerframework/checker-qual/3.5.0/checker-qual-3.5.0.jar:/Users/freddymay/.m2/repository/com/google/errorprone/error_prone_annotations/2.3.4/error_prone_annotations-2.3.4.jar:/Users/freddymay/.m2/repository/com/google/j2objc/j2objc-annotations/1.3/j2objc-annotations-1.3.jar:/Users/freddymay/.m2/repository/com/fasterxml/jackson/core/jackson-core/2.14.2/jackson-core-2.14.2.jar:/Users/freddymay/.m2/repository/com/fasterxml/jackson/core/jackson-annotations/2.14.2/jackson-annotations-2.14.2.jar:/Users/freddymay/.m2/repository/com/fasterxml/jackson/core/jackson-databind/2.14.2/jackson-databind-2.14.2.jar:/Users/freddymay/.m2/repository/com/fasterxml/jackson/datatype/jackson-datatype-jsr310/2.14.2/jackson-datatype-jsr310-2.14.2.jar:/Users/freddymay/.m2/repository/ch/qos/logback/logback-classic/1.4.6/logback-classic-1.4.6.jar:/Users/freddymay/.m2/repository/ch/qos/logback/logback-core/1.4.6/logback-core-1.4.6.jar:/Users/freddymay/.m2/repository/org/slf4j/slf4j-api/2.0.6/slf4j-api-2.0.6.jar:/Users/freddymay/.m2/repository/org/slf4j/slf4j-simple/2.0.6/slf4j-simple-2.0.6.jar:/Users/freddymay/.m2/repository/org/neo4j/driver/neo4j-java-driver/4.4.5/neo4j-java-driver-4.4.5.jar:/Users/freddymay/.m2/repository/org/reactivestreams/reactive-streams/1.0.3/reactive-streams-1.0.3.jar:/Users/freddymay/.m2/repository/io/javalin/javalin/5.3.2/javalin-5.3.2.jar:/Users/freddymay/.m2/repository/org/eclipse/jetty/jetty-server/11.0.13/jetty-server-11.0.13.jar:/Users/freddymay/.m2/repository/org/eclipse/jetty/toolchain/jetty-jakarta-servlet-api/5.0.2/jetty-jakarta-servlet-api-5.0.2.jar:/Users/freddymay/.m2/repository/org/eclipse/jetty/jetty-http/11.0.13/jetty-http-11.0.13.jar:/Users/freddymay/.m2/repository/org/eclipse/jetty/jetty-util/11.0.13/jetty-util-11.0.13.jar:/Users/freddymay/.m2/repository/org/eclipse/jetty/jetty-io/11.0.13/jetty-io-11.0.13.jar:/Users/freddymay/.m2/repository/org/eclipse/jetty/jetty-webapp/11.0.13/jetty-webapp-11.0.13.jar:/Users/freddymay/.m2/repository/org/eclipse/jetty/jetty-servlet/11.0.13/jetty-servlet-11.0.13.jar:/Users/freddymay/.m2/repository/org/eclipse/jetty/jetty-security/11.0.13/jetty-security-11.0.13.jar:/Users/freddymay/.m2/repository/org/eclipse/jetty/jetty-xml/11.0.13/jetty-xml-11.0.13.jar:/Users/freddymay/.m2/repository/org/eclipse/jetty/websocket/websocket-jetty-server/11.0.13/websocket-jetty-server-11.0.13.jar:/Users/freddymay/.m2/repository/org/eclipse/jetty/websocket/websocket-jetty-common/11.0.13/websocket-jetty-common-11.0.13.jar:/Users/freddymay/.m2/repository/org/eclipse/jetty/websocket/websocket-core-common/11.0.13/websocket-core-common-11.0.13.jar:/Users/freddymay/.m2/repository/org/eclipse/jetty/websocket/websocket-servlet/11.0.13/websocket-servlet-11.0.13.jar:/Users/freddymay/.m2/repository/org/eclipse/jetty/websocket/websocket-core-server/11.0.13/websocket-core-server-11.0.13.jar:/Users/freddymay/.m2/repository/org/eclipse/jetty/jetty-annotations/11.0.13/jetty-annotations-11.0.13.jar:/Users/freddymay/.m2/repository/org/eclipse/jetty/jetty-plus/11.0.13/jetty-plus-11.0.13.jar:/Users/freddymay/.m2/repository/jakarta/transaction/jakarta.transaction-api/2.0.0/jakarta.transaction-api-2.0.0.jar:/Users/freddymay/.m2/repository/org/eclipse/jetty/jetty-jndi/11.0.13/jetty-jndi-11.0.13.jar:/Users/freddymay/.m2/repository/jakarta/annotation/jakarta.annotation-api/2.1.1/jakarta.annotation-api-2.1.1.jar:/Users/freddymay/.m2/repository/org/ow2/asm/asm/9.4/asm-9.4.jar:/Users/freddymay/.m2/repository/org/ow2/asm/asm-commons/9.4/asm-commons-9.4.jar:/Users/freddymay/.m2/repository/org/ow2/asm/asm-tree/9.4/asm-tree-9.4.jar:/Users/freddymay/.m2/repository/org/eclipse/jetty/websocket/websocket-jetty-api/11.0.13/websocket-jetty-api-11.0.13.jar:/Users/freddymay/.m2/repository/org/jetbrains/kotlin/kotlin-stdlib-jdk8/1.7.10/kotlin-stdlib-jdk8-1.7.10.jar:/Users/freddymay/.m2/repository/org/jetbrains/kotlin/kotlin-stdlib-jdk7/1.7.10/kotlin-stdlib-jdk7-1.7.10.jar:/Users/freddymay/.m2/repository/org/mapstruct/mapstruct/1.5.3.Final/mapstruct-1.5.3.Final.jar:/Users/freddymay/.m2/repository/io/github/cdimascio/java-dotenv/5.2.2/java-dotenv-5.2.2.jar:/Users/freddymay/.m2/repository/org/jetbrains/kotlin/kotlin-stdlib/1.4.0/kotlin-stdlib-1.4.0.jar:/Users/freddymay/.m2/repository/org/jetbrains/kotlin/kotlin-stdlib-common/1.4.0/kotlin-stdlib-common-1.4.0.jar:/Users/freddymay/.m2/repository/org/jetbrains/annotations/13.0/annotations-13.0.jar:/Users/freddymay/.m2/repository/com/google/code/gson/gson/2.10.1/gson-2.10.1.jar:/Users/freddymay/.m2/repository/org/hibernate/validator/hibernate-validator/8.0.0.Final/hibernate-validator-8.0.0.Final.jar:/Users/freddymay/.m2/repository/jakarta/validation/jakarta.validation-api/3.0.2/jakarta.validation-api-3.0.2.jar:/Users/freddymay/.m2/repository/org/jboss/logging/jboss-logging/3.4.1.Final/jboss-logging-3.4.1.Final.jar:/Users/freddymay/.m2/repository/com/fasterxml/classmate/1.5.1/classmate-1.5.1.jar:/Users/freddymay/.m2/repository/org/glassfish/expressly/expressly/5.0.0/expressly-5.0.0.jar:/Users/freddymay/.m2/repository/jakarta/el/jakarta.el-api/5.0.0/jakarta.el-api-5.0.0.jar:/Users/freddymay/.m2/repository/org/junit/jupiter/junit-jupiter/5.9.2/junit-jupiter-5.9.2.jar:/Users/freddymay/.m2/repository/org/junit/jupiter/junit-jupiter-params/5.9.2/junit-jupiter-params-5.9.2.jar:/Users/freddymay/.m2/repository/org/junit/jupiter/junit-jupiter-engine/5.9.2/junit-jupiter-engine-5.9.2.jar:/Users/freddymay/.m2/repository/org/junit/platform/junit-platform-engine/1.9.2/junit-platform-engine-1.9.2.jar:/Users/freddymay/.m2/repository/org/mockito/mockito-core/5.2.0/mockito-core-5.2.0.jar:/Users/freddymay/.m2/repository/net/bytebuddy/byte-buddy/1.14.1/byte-buddy-1.14.1.jar:/Users/freddymay/.m2/repository/net/bytebuddy/byte-buddy-agent/1.14.1/byte-buddy-agent-1.14.1.jar:/Users/freddymay/.m2/repository/org/objenesis/objenesis/3.3/objenesis-3.3.jar:/Users/freddymay/.m2/repository/org/mockito/mockito-junit-jupiter/5.2.0/mockito-junit-jupiter-5.2.0.jar:/Users/freddymay/.m2/repository/org/assertj/assertj-core/3.24.2/assertj-core-3.24.2.jar:/Users/freddymay/.m2/repository/org/junit/jupiter/junit-jupiter-api/5.9.2/junit-jupiter-api-5.9.2.jar:/Users/freddymay/.m2/repository/org/opentest4j/opentest4j/1.2.0/opentest4j-1.2.0.jar:/Users/freddymay/.m2/repository/org/junit/platform/junit-platform-commons/1.9.2/junit-platform-commons-1.9.2.jar:/Users/freddymay/.m2/repository/org/apiguardian/apiguardian-api/1.1.2/apiguardian-api-1.1.2.jar:"/>
    <property name="java.vm.vendor" value="Oracle Corporation"/>
    <property name="sun.arch.data.model" value="64"/>
    <property name="java.vendor.url" value="https://java.oracle.com/"/>
    <property name="user.timezone" value="Europe/London"/>
    <property name="os.name" value="Mac OS X"/>
    <property name="java.vm.specification.version" value="17"/>
    <property name="sun.java.launcher" value="SUN_STANDARD"/>
    <property name="user.country" value="GB"/>
    <property name="sun.boot.library.path" value="/Library/Java/JavaVirtualMachines/jdk-17.jdk/Contents/Home/lib"/>
    <property name="sun.java.command" value="/Users/freddymay/java/Javalin/Javalin/target/surefire/surefirebooter-20230329161020141_3.jar /Users/freddymay/java/Javalin/Javalin/target/surefire 2023-03-29T16-10-20_115-jvmRun1 surefire-20230329161020141_1tmp surefire_0-20230329161020141_2tmp"/>
    <property name="http.nonProxyHosts" value="local|*.local|169.254/16|*.169.254/16"/>
    <property name="jdk.debug" value="release"/>
    <property name="surefire.test.class.path" value="/Users/freddymay/java/Javalin/Javalin/target/test-classes:/Users/freddymay/java/Javalin/Javalin/target/Javalin-1.0-SNAPSHOT.jar:/Users/freddymay/.m2/repository/com/google/inject/guice/5.1.0/guice-5.1.0.jar:/Users/freddymay/.m2/repository/javax/inject/javax.inject/1/javax.inject-1.jar:/Users/freddymay/.m2/repository/aopalliance/aopalliance/1.0/aopalliance-1.0.jar:/Users/freddymay/.m2/repository/com/google/guava/guava/30.1-jre/guava-30.1-jre.jar:/Users/freddymay/.m2/repository/com/google/guava/failureaccess/1.0.1/failureaccess-1.0.1.jar:/Users/freddymay/.m2/repository/com/google/guava/listenablefuture/9999.0-empty-to-avoid-conflict-with-guava/listenablefuture-9999.0-empty-to-avoid-conflict-with-guava.jar:/Users/freddymay/.m2/repository/com/google/code/findbugs/jsr305/3.0.2/jsr305-3.0.2.jar:/Users/freddymay/.m2/repository/org/checkerframework/checker-qual/3.5.0/checker-qual-3.5.0.jar:/Users/freddymay/.m2/repository/com/google/errorprone/error_prone_annotations/2.3.4/error_prone_annotations-2.3.4.jar:/Users/freddymay/.m2/repository/com/google/j2objc/j2objc-annotations/1.3/j2objc-annotations-1.3.jar:/Users/freddymay/.m2/repository/com/fasterxml/jackson/core/jackson-core/2.14.2/jackson-core-2.14.2.jar:/Users/freddymay/.m2/repository/com/fasterxml/jackson/core/jackson-annotations/2.14.2/jackson-annotations-2.14.2.jar:/Users/freddymay/.m2/repository/com/fasterxml/jackson/core/jackson-databind/2.14.2/jackson-databind-2.14.2.jar:/Users/freddymay/.m2/repository/com/fasterxml/jackson/datatype/jackson-datatype-jsr310/2.14.2/jackson-datatype-jsr310-2.14.2.jar:/Users/freddymay/.m2/repository/ch/qos/logback/logback-classic/1.4.6/logback-classic-1.4.6.jar:/Users/freddymay/.m2/repository/ch/qos/logback/logback-core/1.4.6/logback-core-1.4.6.jar:/Users/freddymay/.m2/repository/org/slf4j/slf4j-api/2.0.6/slf4j-api-2.0.6.jar:/Users/freddymay/.m2/repository/org/slf4j/slf4j-simple/2.0.6/slf4j-simple-2.0.6.jar:/Users/freddymay/.m2/repository/org/neo4j/driver/neo4j-java-driver/4.4.5/neo4j-java-driver-4.4.5.jar:/Users/freddymay/.m2/repository/org/reactivestreams/reactive-streams/1.0.3/reactive-streams-1.0.3.jar:/Users/freddymay/.m2/repository/io/javalin/javalin/5.3.2/javalin-5.3.2.jar:/Users/freddymay/.m2/repository/org/eclipse/jetty/jetty-server/11.0.13/jetty-server-11.0.13.jar:/Users/freddymay/.m2/repository/org/eclipse/jetty/toolchain/jetty-jakarta-servlet-api/5.0.2/jetty-jakarta-servlet-api-5.0.2.jar:/Users/freddymay/.m2/repository/org/eclipse/jetty/jetty-http/11.0.13/jetty-http-11.0.13.jar:/Users/freddymay/.m2/repository/org/eclipse/jetty/jetty-util/11.0.13/jetty-util-11.0.13.jar:/Users/freddymay/.m2/repository/org/eclipse/jetty/jetty-io/11.0.13/jetty-io-11.0.13.jar:/Users/freddymay/.m2/repository/org/eclipse/jetty/jetty-webapp/11.0.13/jetty-webapp-11.0.13.jar:/Users/freddymay/.m2/repository/org/eclipse/jetty/jetty-servlet/11.0.13/jetty-servlet-11.0.13.jar:/Users/freddymay/.m2/repository/org/eclipse/jetty/jetty-security/11.0.13/jetty-security-11.0.13.jar:/Users/freddymay/.m2/repository/org/eclipse/jetty/jetty-xml/11.0.13/jetty-xml-11.0.13.jar:/Users/freddymay/.m2/repository/org/eclipse/jetty/websocket/websocket-jetty-server/11.0.13/websocket-jetty-server-11.0.13.jar:/Users/freddymay/.m2/repository/org/eclipse/jetty/websocket/websocket-jetty-common/11.0.13/websocket-jetty-common-11.0.13.jar:/Users/freddymay/.m2/repository/org/eclipse/jetty/websocket/websocket-core-common/11.0.13/websocket-core-common-11.0.13.jar:/Users/freddymay/.m2/repository/org/eclipse/jetty/websocket/websocket-servlet/11.0.13/websocket-servlet-11.0.13.jar:/Users/freddymay/.m2/repository/org/eclipse/jetty/websocket/websocket-core-server/11.0.13/websocket-core-server-11.0.13.jar:/Users/freddymay/.m2/repository/org/eclipse/jetty/jetty-annotations/11.0.13/jetty-annotations-11.0.13.jar:/Users/freddymay/.m2/repository/org/eclipse/jetty/jetty-plus/11.0.13/jetty-plus-11.0.13.jar:/Users/freddymay/.m2/repository/jakarta/transaction/jakarta.transaction-api/2.0.0/jakarta.transaction-api-2.0.0.jar:/Users/freddymay/.m2/repository/org/eclipse/jetty/jetty-jndi/11.0.13/jetty-jndi-11.0.13.jar:/Users/freddymay/.m2/repository/jakarta/annotation/jakarta.annotation-api/2.1.1/jakarta.annotation-api-2.1.1.jar:/Users/freddymay/.m2/repository/org/ow2/asm/asm/9.4/asm-9.4.jar:/Users/freddymay/.m2/repository/org/ow2/asm/asm-commons/9.4/asm-commons-9.4.jar:/Users/freddymay/.m2/repository/org/ow2/asm/asm-tree/9.4/asm-tree-9.4.jar:/Users/freddymay/.m2/repository/org/eclipse/jetty/websocket/websocket-jetty-api/11.0.13/websocket-jetty-api-11.0.13.jar:/Users/freddymay/.m2/repository/org/jetbrains/kotlin/kotlin-stdlib-jdk8/1.7.10/kotlin-stdlib-jdk8-1.7.10.jar:/Users/freddymay/.m2/repository/org/jetbrains/kotlin/kotlin-stdlib-jdk7/1.7.10/kotlin-stdlib-jdk7-1.7.10.jar:/Users/freddymay/.m2/repository/org/mapstruct/mapstruct/1.5.3.Final/mapstruct-1.5.3.Final.jar:/Users/freddymay/.m2/repository/io/github/cdimascio/java-dotenv/5.2.2/java-dotenv-5.2.2.jar:/Users/freddymay/.m2/repository/org/jetbrains/kotlin/kotlin-stdlib/1.4.0/kotlin-stdlib-1.4.0.jar:/Users/freddymay/.m2/repository/org/jetbrains/kotlin/kotlin-stdlib-common/1.4.0/kotlin-stdlib-common-1.4.0.jar:/Users/freddymay/.m2/repository/org/jetbrains/annotations/13.0/annotations-13.0.jar:/Users/freddymay/.m2/repository/com/google/code/gson/gson/2.10.1/gson-2.10.1.jar:/Users/freddymay/.m2/repository/org/hibernate/validator/hibernate-validator/8.0.0.Final/hibernate-validator-8.0.0.Final.jar:/Users/freddymay/.m2/repository/jakarta/validation/jakarta.validation-api/3.0.2/jakarta.validation-api-3.0.2.jar:/Users/freddymay/.m2/repository/org/jboss/logging/jboss-logging/3.4.1.Final/jboss-logging-3.4.1.Final.jar:/Users/freddymay/.m2/repository/com/fasterxml/classmate/1.5.1/classmate-1.5.1.jar:/Users/freddymay/.m2/repository/org/glassfish/expressly/expressly/5.0.0/expressly-5.0.0.jar:/Users/freddymay/.m2/repository/jakarta/el/jakarta.el-api/5.0.0/jakarta.el-api-5.0.0.jar:/Users/freddymay/.m2/repository/org/junit/jupiter/junit-jupiter/5.9.2/junit-jupiter-5.9.2.jar:/Users/freddymay/.m2/repository/org/junit/jupiter/junit-jupiter-params/5.9.2/junit-jupiter-params-5.9.2.jar:/Users/freddymay/.m2/repository/org/junit/jupiter/junit-jupiter-engine/5.9.2/junit-jupiter-engine-5.9.2.jar:/Users/freddymay/.m2/repository/org/junit/platform/junit-platform-engine/1.9.2/junit-platform-engine-1.9.2.jar:/Users/freddymay/.m2/repository/org/mockito/mockito-core/5.2.0/mockito-core-5.2.0.jar:/Users/freddymay/.m2/repository/net/bytebuddy/byte-buddy/1.14.1/byte-buddy-1.14.1.jar:/Users/freddymay/.m2/repository/net/bytebuddy/byte-buddy-agent/1.14.1/byte-buddy-agent-1.14.1.jar:/Users/freddymay/.m2/repository/org/objenesis/objenesis/3.3/objenesis-3.3.jar:/Users/freddymay/.m2/repository/org/mockito/mockito-junit-jupiter/5.2.0/mockito-junit-jupiter-5.2.0.jar:/Users/freddymay/.m2/repository/org/assertj/assertj-core/3.24.2/assertj-core-3.24.2.jar:/Users/freddymay/.m2/repository/org/junit/jupiter/junit-jupiter-api/5.9.2/junit-jupiter-api-5.9.2.jar:/Users/freddymay/.m2/repository/org/opentest4j/opentest4j/1.2.0/opentest4j-1.2.0.jar:/Users/freddymay/.m2/repository/org/junit/platform/junit-platform-commons/1.9.2/junit-platform-commons-1.9.2.jar:/Users/freddymay/.m2/repository/org/apiguardian/apiguardian-api/1.1.2/apiguardian-api-1.1.2.jar:"/>
    <property name="sun.cpu.endian" value="little"/>
    <property name="user.home" value="/Users/freddymay"/>
    <property name="user.language" value="en"/>
    <property name="java.specification.vendor" value="Oracle Corporation"/>
    <property name="java.version.date" value="2023-01-17"/>
    <property name="java.home" value="/Library/Java/JavaVirtualMachines/jdk-17.jdk/Contents/Home"/>
    <property name="file.separator" value="/"/>
    <property name="basedir" value="/Users/freddymay/java/Javalin/Javalin"/>
    <property name="java.vm.compressedOopsMode" value="Zero based"/>
    <property name="line.separator" value="&#10;"/>
    <property name="java.vm.specification.vendor" value="Oracle Corporation"/>
    <property name="java.specification.name" value="Java Platform API Specification"/>
    <property name="surefire.real.class.path" value="/Users/freddymay/java/Javalin/Javalin/target/surefire/surefirebooter-20230329161020141_3.jar"/>
    <property name="sun.management.compiler" value="HotSpot 64-Bit Tiered Compilers"/>
    <property name="ftp.nonProxyHosts" value="local|*.local|169.254/16|*.169.254/16"/>
    <property name="java.runtime.version" value="17.0.6+9-LTS-190"/>
    <property name="user.name" value="freddymay"/>
    <property name="path.separator" value=":"/>
    <property name="os.version" value="13.0.1"/>
    <property name="java.runtime.name" value="Java(TM) SE Runtime Environment"/>
    <property name="file.encoding" value="UTF-8"/>
    <property name="java.vm.name" value="Java HotSpot(TM) 64-Bit Server VM"/>
    <property name="localRepository" value="/Users/freddymay/.m2/repository"/>
    <property name="java.vendor.url.bug" value="https://bugreport.java.com/bugreport/"/>
    <property name="java.io.tmpdir" value="/var/folders/br/r_7t7m_n3v3d2chh_26dxzb00000gn/T/"/>
    <property name="idea.version" value="2022.3.2"/>
    <property name="java.version" value="17.0.6"/>
    <property name="user.dir" value="/Users/freddymay/java/Javalin/Javalin"/>
    <property name="os.arch" value="aarch64"/>
    <property name="java.vm.specification.name" value="Java Virtual Machine Specification"/>
    <property name="native.encoding" value="UTF-8"/>
    <property name="java.library.path" value="/Users/freddymay/Library/Java/Extensions:/Library/Java/Extensions:/Network/Library/Java/Extensions:/System/Library/Java/Extensions:/usr/lib/java:."/>
    <property name="java.vm.info" value="mixed mode, sharing"/>
    <property name="java.vendor" value="Oracle Corporation"/>
    <property name="java.vm.version" value="17.0.6+9-LTS-190"/>
    <property name="sun.io.unicode.encoding" value="UnicodeBig"/>
    <property name="socksNonProxyHosts" value="local|*.local|169.254/16|*.169.254/16"/>
    <property name="java.class.version" value="61.0"/>
  </properties>
  <testcase name="executeRepo" classname="api.v1.integration.GetUserIT" time="0.834">
    <system-err><![CDATA[SLF4J: Class path contains multiple SLF4J providers.
SLF4J: Found provider [ch.qos.logback.classic.spi.LogbackServiceProvider@5e63cad]
SLF4J: Found provider [org.slf4j.simple.SimpleServiceProvider@6759f091]
SLF4J: See https://www.slf4j.org/codes.html#multiple_bindings for an explanation.
SLF4J: Actual provider is of type [ch.qos.logback.classic.spi.LogbackServiceProvider@5e63cad]
]]></system-err>
  </testcase>
  <testcase name="executeService" classname="api.v1.integration.GetUserIT" time="0.061"/>
</testsuite>